# JRE version: OpenJDK Runtime Environment (21.0.1+12) (build 21.0.1+12-29)
# Java VM: OpenJDK 64-Bit Server VM (21.0.1+12-29, mixed mode, emulated-client, sharing, tiered, compressed oops, compressed class ptrs, g1 gc, windows-amd64)
GC Precious Log:
 CardTable entry size: 512
 Card Set container configuration: InlinePtr #cards 4 size 8 Array Of Cards #cards 16 size 48 Howl #buckets 8 coarsen threshold 3686 Howl Bitmap #cards 512 size 80 coarsen threshold 460 Card regions per heap region 1 cards per card region 4096
 CPUs: 12 total, 12 available
 Memory: 15791M
 Large Page Support: Disabled
 NUMA Support: Disabled
 Compressed Oops: Enabled (Zero based)
 Heap Region Size: 2M
 Heap Min Capacity: 8M
 Heap Initial Capacity: 248M
 Heap Max Capacity: 3948M
 Pre-touch: Disabled
 Parallel Workers: 10
 Concurrent Workers: 3
 Concurrent Refinement Workers: 10
 Periodic GC: Disabled
Heap:
 garbage-first heap   total 94208K, used 79809K [0x0000000709400000, 0x0000000800000000)
  region size 2048K, 25 young (51200K), 2 survivors (4096K)
 Metaspace       used 70889K, committed 71616K, reserved 1114112K
  class space    used 10233K, committed 10560K, reserved 1048576K
GC Heap History (20 events):
Event: 11.121 GC heap before
{Heap before GC invocations=9 (full 0):
 garbage-first heap   total 61440K, used 47720K [0x0000000709400000, 0x0000000800000000)
  region size 2048K, 15 young (30720K), 1 survivors (2048K)
 Metaspace       used 46486K, committed 47104K, reserved 1114112K
  class space    used 6388K, committed 6656K, reserved 1048576K
}
Event: 11.125 GC heap after
{Heap after GC invocations=10 (full 0):
 garbage-first heap   total 61440K, used 23870K [0x0000000709400000, 0x0000000800000000)
  region size 2048K, 2 young (4096K), 2 survivors (4096K)
 Metaspace       used 46486K, committed 47104K, reserved 1114112K
  class space    used 6388K, committed 6656K, reserved 1048576K
}
Event: 12.279 GC heap before
{Heap before GC invocations=10 (full 0):
 garbage-first heap   total 61440K, used 50494K [0x0000000709400000, 0x0000000800000000)
  region size 2048K, 15 young (30720K), 2 survivors (4096K)
 Metaspace       used 52146K, committed 52736K, reserved 1114112K
  class space    used 7129K, committed 7360K, reserved 1048576K
}
Event: 12.285 GC heap after
{Heap after GC invocations=11 (full 0):
 garbage-first heap   total 61440K, used 25651K [0x0000000709400000, 0x0000000800000000)
  region size 2048K, 2 young (4096K), 2 survivors (4096K)
 Metaspace       used 52146K, committed 52736K, reserved 1114112K
  class space    used 7129K, committed 7360K, reserved 1048576K
}
Event: 13.425 GC heap before
{Heap before GC invocations=11 (full 0):
 garbage-first heap   total 61440K, used 50227K [0x0000000709400000, 0x0000000800000000)
  region size 2048K, 14 young (28672K), 2 survivors (4096K)
 Metaspace       used 57190K, committed 57792K, reserved 1114112K
  class space    used 8041K, committed 8320K, reserved 1048576K
}
Event: 13.428 GC heap after
{Heap after GC invocations=12 (full 0):
 garbage-first heap   total 61440K, used 26325K [0x0000000709400000, 0x0000000800000000)
  region size 2048K, 2 young (4096K), 2 survivors (4096K)
 Metaspace       used 57190K, committed 57792K, reserved 1114112K
  class space    used 8041K, committed 8320K, reserved 1048576K
}
Event: 13.974 GC heap before
{Heap before GC invocations=12 (full 0):
 garbage-first heap   total 61440K, used 44757K [0x0000000709400000, 0x0000000800000000)
  region size 2048K, 13 young (26624K), 2 survivors (4096K)
 Metaspace       used 59677K, committed 60288K, reserved 1114112K
  class space    used 8419K, committed 8704K, reserved 1048576K
}
Event: 13.977 GC heap after
{Heap after GC invocations=13 (full 0):
 garbage-first heap   total 61440K, used 27123K [0x0000000709400000, 0x0000000800000000)
  region size 2048K, 1 young (2048K), 1 survivors (2048K)
 Metaspace       used 59677K, committed 60288K, reserved 1114112K
  class space    used 8419K, committed 8704K, reserved 1048576K
}
Event: 14.953 GC heap before
{Heap before GC invocations=14 (full 0):
 garbage-first heap   total 61440K, used 53747K [0x0000000709400000, 0x0000000800000000)
  region size 2048K, 14 young (28672K), 1 survivors (2048K)
 Metaspace       used 63707K, committed 64384K, reserved 1114112K
  class space    used 9020K, committed 9344K, reserved 1048576K
}
Event: 14.957 GC heap after
{Heap after GC invocations=15 (full 0):
 garbage-first heap   total 61440K, used 29494K [0x0000000709400000, 0x0000000800000000)
  region size 2048K, 2 young (4096K), 2 survivors (4096K)
 Metaspace       used 63707K, committed 64384K, reserved 1114112K
  class space    used 9020K, committed 9344K, reserved 1048576K
}
Event: 15.411 GC heap before
{Heap before GC invocations=15 (full 0):
 garbage-first heap   total 61440K, used 52022K [0x0000000709400000, 0x0000000800000000)
  region size 2048K, 13 young (26624K), 2 survivors (4096K)
 Metaspace       used 64787K, committed 65472K, reserved 1114112K
  class space    used 9190K, committed 9536K, reserved 1048576K
}
Event: 15.416 GC heap after
{Heap after GC invocations=16 (full 0):
 garbage-first heap   total 61440K, used 30703K [0x0000000709400000, 0x0000000800000000)
  region size 2048K, 1 young (2048K), 1 survivors (2048K)
 Metaspace       used 64787K, committed 65472K, reserved 1114112K
  class space    used 9190K, committed 9536K, reserved 1048576K
}
Event: 16.001 GC heap before
{Heap before GC invocations=16 (full 0):
 garbage-first heap   total 61440K, used 51183K [0x0000000709400000, 0x0000000800000000)
  region size 2048K, 12 young (24576K), 1 survivors (2048K)
 Metaspace       used 67072K, committed 67776K, reserved 1114112K
  class space    used 9705K, committed 10048K, reserved 1048576K
}
Event: 16.005 GC heap after
{Heap after GC invocations=17 (full 0):
 garbage-first heap   total 61440K, used 32172K [0x0000000709400000, 0x0000000800000000)
  region size 2048K, 2 young (4096K), 2 survivors (4096K)
 Metaspace       used 67072K, committed 67776K, reserved 1114112K
  class space    used 9705K, committed 10048K, reserved 1048576K
}
Event: 16.078 GC heap before
{Heap before GC invocations=18 (full 0):
 garbage-first heap   total 71680K, used 50604K [0x0000000709400000, 0x0000000800000000)
  region size 2048K, 11 young (22528K), 2 survivors (4096K)
 Metaspace       used 67081K, committed 67776K, reserved 1114112K
  class space    used 9705K, committed 10048K, reserved 1048576K
}
Event: 16.081 GC heap after
{Heap after GC invocations=19 (full 0):
 garbage-first heap   total 71680K, used 33080K [0x0000000709400000, 0x0000000800000000)
  region size 2048K, 2 young (4096K), 2 survivors (4096K)
 Metaspace       used 67081K, committed 67776K, reserved 1114112K
  class space    used 9705K, committed 10048K, reserved 1048576K
}
Event: 16.485 GC heap before
{Heap before GC invocations=19 (full 0):
 garbage-first heap   total 71680K, used 59704K [0x0000000709400000, 0x0000000800000000)
  region size 2048K, 15 young (30720K), 2 survivors (4096K)
 Metaspace       used 68482K, committed 69184K, reserved 1114112K
  class space    used 9907K, committed 10240K, reserved 1048576K
}
Event: 16.488 GC heap after
{Heap after GC invocations=20 (full 0):
 garbage-first heap   total 94208K, used 33789K [0x0000000709400000, 0x0000000800000000)
  region size 2048K, 1 young (2048K), 1 survivors (2048K)
 Metaspace       used 68482K, committed 69184K, reserved 1114112K
  class space    used 9907K, committed 10240K, reserved 1048576K
}
Event: 17.022 GC heap before
{Heap before GC invocations=20 (full 0):
 garbage-first heap   total 94208K, used 80893K [0x0000000709400000, 0x0000000800000000)
  region size 2048K, 24 young (49152K), 1 survivors (2048K)
 Metaspace       used 68880K, committed 69568K, reserved 1114112K
  class space    used 9947K, committed 10240K, reserved 1048576K
}
Event: 17.025 GC heap after
{Heap after GC invocations=21 (full 0):
 garbage-first heap   total 94208K, used 34753K [0x0000000709400000, 0x0000000800000000)
  region size 2048K, 2 young (4096K), 2 survivors (4096K)
 Metaspace       used 68880K, committed 69568K, reserved 1114112K
  class space    used 9947K, committed 10240K, reserved 1048576K
}

